2022-11-08 08:42:16.733 [info] Added views:workbench.panel.markers.view in workbench.panel.markers
2022-11-08 08:42:16.733 [info] Added views:workbench.panel.output in workbench.panel.output
2022-11-08 08:42:16.733 [info] Added views:terminal in terminal
2022-11-08 08:42:16.733 [info] Added views:outline in workbench.view.explorer
2022-11-08 08:42:16.733 [info] Added views:workbench.scm in workbench.view.scm
2022-11-08 08:42:16.733 [info] Added views:workbench.view.search in workbench.view.search
2022-11-08 08:42:16.733 [info] Added views:timeline in workbench.view.explorer
2022-11-08 08:42:16.733 [info] Added views:workbench.explorer.emptyView in workbench.view.explorer
2022-11-08 08:42:16.733 [info] Added views:workbench.debug.welcome in workbench.view.debug
2022-11-08 08:42:17.870 [info] Added views:jupyterViewVariables in workbench.view.extension.jupyter-variables
2022-11-08 08:42:18.469 [info] Added views:workbench.panel.repl.view in workbench.panel.repl
2022-11-08 08:42:18.733 [info] Added views:workbench.views.extensions.installed,workbench.views.extensions.popular,extensions.recommendedList in workbench.view.extensions
2022-11-08 08:42:18.739 [info] Removed views:workbench.views.extensions.popular from workbench.view.extensions
2022-11-08 08:42:21.549 [info] Removed views:extensions.recommendedList,workbench.views.extensions.installed from workbench.view.extensions
2022-11-08 08:42:21.574 [info] Added views:workbench.views.extensions.marketplace in workbench.view.extensions
2022-11-08 08:42:23.420 [info] Removed views:workbench.views.extensions.marketplace from workbench.view.extensions
2022-11-08 08:42:23.432 [info] Added views:workbench.views.extensions.installed,extensions.recommendedList in workbench.view.extensions
2022-11-08 08:42:26.582 [info] Removed views:extensions.recommendedList,workbench.views.extensions.installed from workbench.view.extensions
2022-11-08 08:42:26.604 [info] Added views:workbench.views.extensions.marketplace in workbench.view.extensions
2022-11-08 08:42:30.750 [info] Removed views:workbench.views.extensions.marketplace from workbench.view.extensions
2022-11-08 08:42:30.760 [info] Added views:workbench.views.extensions.installed,extensions.recommendedList in workbench.view.extensions
